{
  "RSpec": {
    "coverage": {
      "/Users/drewpalazzari/Documents/1610/M3/Projects/nerd_bay/app/helpers/application_helper.rb": [
        1,
        null
      ],
      "/Users/drewpalazzari/Documents/1610/M3/Projects/nerd_bay/app/models/user.rb": [
        1,
        1,
        null,
        1,
        1,
        null
      ],
      "/Users/drewpalazzari/Documents/1610/M3/Projects/nerd_bay/app/models/application_record.rb": [
        1,
        1,
        null
      ],
      "/Users/drewpalazzari/Documents/1610/M3/Projects/nerd_bay/app/controllers/home_controller.rb": [
        1,
        null,
        1,
        null,
        null,
        null
      ],
      "/Users/drewpalazzari/Documents/1610/M3/Projects/nerd_bay/app/controllers/application_controller.rb": [
        1,
        1,
        1,
        null,
        1,
        7,
        null,
        null
      ],
      "/Users/drewpalazzari/Documents/1610/M3/Projects/nerd_bay/app/controllers/sessions_controller.rb": [
        1,
        null,
        1,
        null,
        null,
        1,
        2,
        2,
        1,
        1,
        1,
        null,
        1,
        1,
        null,
        null,
        null,
        null
      ],
      "/Users/drewpalazzari/Documents/1610/M3/Projects/nerd_bay/app/controllers/users_controller.rb": [
        1,
        null,
        1,
        0,
        null,
        null,
        1,
        0,
        0,
        0,
        0,
        0,
        null,
        0,
        0,
        null,
        null,
        null,
        1,
        null,
        null,
        null,
        1,
        null,
        1,
        0,
        null,
        null,
        null
      ]
    },
    "timestamp": 1487728767
  }
}
