{
  "RSpec": {
    "coverage": {
      "/Users/drewpalazzari/Documents/1610/M3/Projects/nerd_bay/app/helpers/application_helper.rb": [
        1,
        null
      ],
      "/Users/drewpalazzari/Documents/1610/M3/Projects/nerd_bay/app/models/user.rb": [
        1,
        1,
        null,
        1,
        1,
        null
      ],
      "/Users/drewpalazzari/Documents/1610/M3/Projects/nerd_bay/app/models/application_record.rb": [
        1,
        1,
        null
      ],
      "/Users/drewpalazzari/Documents/1610/M3/Projects/nerd_bay/app/services/movie_service.rb": [
        1,
        null,
        1,
        9,
        null,
        null,
        1,
        161,
        null,
        null,
        1,
        161,
        161,
        null,
        null,
        null,
        1,
        9,
        9,
        null,
        null,
        null,
        1,
        161,
        161,
        null,
        null,
        null,
        1,
        9,
        9,
        null,
        null,
        null,
        null
      ],
      "/Users/drewpalazzari/Documents/1610/M3/Projects/nerd_bay/app/services/twitch_service.rb": [
        1,
        null,
        1,
        10,
        null,
        null,
        1,
        10,
        10,
        null,
        null,
        null,
        1,
        10,
        10,
        null,
        null,
        null,
        null
      ],
      "/Users/drewpalazzari/Documents/1610/M3/Projects/nerd_bay/app/site_models/twitch.rb": [
        1,
        null,
        1,
        null,
        1,
        225,
        225,
        225,
        225,
        225,
        225,
        null,
        null,
        null,
        1,
        9,
        225,
        null,
        null,
        null,
        null
      ],
      "/Users/drewpalazzari/Documents/1610/M3/Projects/nerd_bay/app/controllers/home_controller.rb": [
        1,
        null,
        1,
        8,
        null,
        null,
        null
      ],
      "/Users/drewpalazzari/Documents/1610/M3/Projects/nerd_bay/app/controllers/application_controller.rb": [
        1,
        1,
        1,
        null,
        1,
        44,
        null,
        null
      ],
      "/Users/drewpalazzari/Documents/1610/M3/Projects/nerd_bay/app/presenters/home_page_attributes.rb": [
        1,
        null,
        1,
        8,
        null,
        null,
        1,
        8,
        null,
        null,
        1,
        8,
        null,
        null,
        null
      ],
      "/Users/drewpalazzari/Documents/1610/M3/Projects/nerd_bay/app/site_models/movie_database.rb": [
        1,
        null,
        1,
        null,
        1,
        160,
        160,
        160,
        160,
        null,
        null,
        1,
        8,
        160,
        null,
        null,
        null,
        1,
        160,
        null,
        null,
        1,
        160,
        160,
        null,
        0,
        null,
        null,
        null,
        null
      ],
      "/Users/drewpalazzari/Documents/1610/M3/Projects/nerd_bay/app/site_models/ign_articles.rb": [
        1,
        null,
        1,
        null,
        1,
        80,
        80,
        null,
        null,
        1,
        8,
        80,
        null,
        null,
        null,
        null
      ],
      "/Users/drewpalazzari/Documents/1610/M3/Projects/nerd_bay/app/services/article_service.rb": [
        1,
        null,
        1,
        8,
        null,
        null,
        1,
        8,
        8,
        8,
        8,
        null,
        null,
        null,
        1,
        8,
        8,
        null,
        null,
        null,
        null
      ],
      "/Users/drewpalazzari/Documents/1610/M3/Projects/nerd_bay/app/controllers/sessions_controller.rb": [
        1,
        null,
        1,
        null,
        null,
        1,
        3,
        3,
        1,
        1,
        1,
        null,
        2,
        2,
        null,
        null,
        null,
        1,
        1,
        1,
        1,
        null,
        null,
        null
      ],
      "/Users/drewpalazzari/Documents/1610/M3/Projects/nerd_bay/app/controllers/users_controller.rb": [
        1,
        null,
        1,
        3,
        null,
        null,
        1,
        3,
        3,
        2,
        2,
        2,
        null,
        1,
        1,
        null,
        null,
        null,
        1,
        4,
        3,
        null,
        1,
        null,
        null,
        null,
        1,
        null,
        1,
        3,
        null,
        null,
        null
      ],
      "/Users/drewpalazzari/Documents/1610/M3/Projects/nerd_bay/app/site_models/weather.rb": [
        1,
        null,
        1,
        null,
        null,
        null,
        null,
        null,
        null,
        null,
        1,
        3,
        3,
        3,
        3,
        3,
        3,
        3,
        null,
        null,
        1,
        3,
        3,
        null,
        null,
        null
      ],
      "/Users/drewpalazzari/Documents/1610/M3/Projects/nerd_bay/app/services/weather_service.rb": [
        1,
        null,
        1,
        3,
        null,
        null,
        1,
        3,
        3,
        3,
        3,
        null,
        null,
        null,
        1,
        3,
        3,
        null,
        null,
        null,
        null
      ],
      "/Users/drewpalazzari/Documents/1610/M3/Projects/nerd_bay/app/controllers/about_controller.rb": [
        1,
        null,
        1,
        null,
        null,
        null
      ]
    },
    "timestamp": 1487962767
  }
}
